Determining if the pthread_create exist failed with the following output:
Change Dir: /home/hila/catkin_ws/src/my_action/cmake-build-debug/CMakeFiles/CMakeTmp

Run Build Command:"/usr/bin/make" "cmTC_f8f01/fast"
/usr/bin/make -f CMakeFiles/cmTC_f8f01.dir/build.make CMakeFiles/cmTC_f8f01.dir/build
make[1]: Entering directory '/home/hila/catkin_ws/src/my_action/cmake-build-debug/CMakeFiles/CMakeTmp'
Building C object CMakeFiles/cmTC_f8f01.dir/CheckSymbolExists.c.o
/usr/bin/cc    -o CMakeFiles/cmTC_f8f01.dir/CheckSymbolExists.c.o   -c /home/hila/catkin_ws/src/my_action/cmake-build-debug/CMakeFiles/CMakeTmp/CheckSymbolExists.c
Linking C executable cmTC_f8f01
/opt/clion-2018.3.2/bin/cmake/linux/bin/cmake -E cmake_link_script CMakeFiles/cmTC_f8f01.dir/link.txt --verbose=1
/usr/bin/cc      -rdynamic CMakeFiles/cmTC_f8f01.dir/CheckSymbolExists.c.o  -o cmTC_f8f01 
CMakeFiles/cmTC_f8f01.dir/CheckSymbolExists.c.o: In function `main':
CheckSymbolExists.c:(.text+0x16): undefined reference to `pthread_create'
collect2: error: ld returned 1 exit status
CMakeFiles/cmTC_f8f01.dir/build.make:86: recipe for target 'cmTC_f8f01' failed
make[1]: *** [cmTC_f8f01] Error 1
make[1]: Leaving directory '/home/hila/catkin_ws/src/my_action/cmake-build-debug/CMakeFiles/CMakeTmp'
Makefile:121: recipe for target 'cmTC_f8f01/fast' failed
make: *** [cmTC_f8f01/fast] Error 2

File /home/hila/catkin_ws/src/my_action/cmake-build-debug/CMakeFiles/CMakeTmp/CheckSymbolExists.c:
/* */
#include <pthread.h>

int main(int argc, char** argv)
{
  (void)argv;
#ifndef pthread_create
  return ((int*)(&pthread_create))[argc];
#else
  (void)argc;
  return 0;
#endif
}

Determining if the function pthread_create exists in the pthreads failed with the following output:
Change Dir: /home/hila/catkin_ws/src/my_action/cmake-build-debug/CMakeFiles/CMakeTmp

Run Build Command:"/usr/bin/make" "cmTC_0c218/fast"
/usr/bin/make -f CMakeFiles/cmTC_0c218.dir/build.make CMakeFiles/cmTC_0c218.dir/build
make[1]: Entering directory '/home/hila/catkin_ws/src/my_action/cmake-build-debug/CMakeFiles/CMakeTmp'
Building C object CMakeFiles/cmTC_0c218.dir/CheckFunctionExists.c.o
/usr/bin/cc   -DCHECK_FUNCTION_EXISTS=pthread_create   -o CMakeFiles/cmTC_0c218.dir/CheckFunctionExists.c.o   -c /opt/clion-2018.3.2/bin/cmake/linux/share/cmake-3.13/Modules/CheckFunctionExists.c
Linking C executable cmTC_0c218
/opt/clion-2018.3.2/bin/cmake/linux/bin/cmake -E cmake_link_script CMakeFiles/cmTC_0c218.dir/link.txt --verbose=1
/usr/bin/cc  -DCHECK_FUNCTION_EXISTS=pthread_create    -rdynamic CMakeFiles/cmTC_0c218.dir/CheckFunctionExists.c.o  -o cmTC_0c218 -lpthreads 
/usr/bin/ld: cannot find -lpthreads
collect2: error: ld returned 1 exit status
CMakeFiles/cmTC_0c218.dir/build.make:86: recipe for target 'cmTC_0c218' failed
make[1]: *** [cmTC_0c218] Error 1
make[1]: Leaving directory '/home/hila/catkin_ws/src/my_action/cmake-build-debug/CMakeFiles/CMakeTmp'
Makefile:121: recipe for target 'cmTC_0c218/fast' failed
make: *** [cmTC_0c218/fast] Error 2


